This file contains any messages produced by compilers while
running configure, to aid debugging if configure makes a mistake.

It was created by configure, which was
generated by GNU Autoconf 2.53.  Invocation command line was

  $ ./configure 

## --------- ##
## Platform. ##
## --------- ##

hostname = tux.whoop-ass.ca
uname -m = i686
uname -r = 2.4.18-14
uname -s = Linux
uname -v = #1 Wed Sep 4 13:35:50 EDT 2002

/usr/bin/uname -p = unknown
/bin/uname -X     = unknown

/bin/arch              = i686
/usr/bin/arch -k       = unknown
/usr/convex/getsysinfo = unknown
hostinfo               = unknown
/bin/machine           = unknown
/usr/bin/oslevel       = unknown
/bin/universe          = unknown

PATH: /usr/sbin
PATH: /usr/bin
PATH: /usr/kerberos/bin
PATH: /usr/sbin
PATH: /usr/bin
PATH: /usr/local/bin
PATH: /usr/bin
PATH: /bin
PATH: /usr/X11R6/bin


## ----------- ##
## Core tests. ##
## ----------- ##

configure:1422: checking for a BSD-compatible install
configure:1476: result: /usr/bin/install -c
configure:1487: checking whether build environment is sane
configure:1530: result: yes
configure:1563: checking for gawk
configure:1579: found /usr/bin/gawk
configure:1589: result: gawk
configure:1599: checking whether make sets ${MAKE}
configure:1619: result: yes
configure:1764: checking whether to enable maintainer-specific portions of Makefiles
configure:1773: result: no
configure:1811: checking for style of include used by make
configure:1839: result: GNU
configure:1910: checking for gcc
configure:1926: found /usr/bin/gcc
configure:1936: result: gcc
configure:2180: checking for C compiler version
configure:2183: gcc --version </dev/null >&5
gcc (GCC) 3.2 20020903 (Red Hat Linux 8.0 3.2-7)
Copyright (C) 2002 Free Software Foundation, Inc.
This is free software; see the source for copying conditions.  There is NO
warranty; not even for MERCHANTABILITY or FITNESS FOR A PARTICULAR PURPOSE.

configure:2186: $? = 0
configure:2188: gcc -v </dev/null >&5
Reading specs from /usr/lib/gcc-lib/i386-redhat-linux/3.2/specs
Configured with: ../configure --prefix=/usr --mandir=/usr/share/man --infodir=/usr/share/info --enable-shared --enable-threads=posix --disable-checking --host=i386-redhat-linux --with-system-zlib --enable-__cxa_atexit
Thread model: posix
gcc version 3.2 20020903 (Red Hat Linux 8.0 3.2-7)
configure:2191: $? = 0
configure:2193: gcc -V </dev/null >&5
gcc: argument to `-V' is missing
configure:2196: $? = 1
configure:2222: checking for C compiler default output
configure:2225: gcc    conftest.c  >&5
configure:2228: $? = 0
configure:2261: result: a.out
configure:2266: checking whether the C compiler works
configure:2272: ./a.out
configure:2275: $? = 0
configure:2290: result: yes
configure:2297: checking whether we are cross compiling
configure:2299: result: no
configure:2302: checking for suffix of executables
configure:2304: gcc -o conftest    conftest.c  >&5
configure:2307: $? = 0
configure:2329: result: 
configure:2335: checking for suffix of object files
configure:2359: gcc -c   conftest.c >&5
configure:2362: $? = 0
configure:2381: result: o
configure:2385: checking whether we are using the GNU C compiler
configure:2412: gcc -c   conftest.c >&5
configure:2415: $? = 0
configure:2418: test -s conftest.o
configure:2421: $? = 0
configure:2433: result: yes
configure:2439: checking whether gcc accepts -g
configure:2463: gcc -c -g  conftest.c >&5
configure:2466: $? = 0
configure:2469: test -s conftest.o
configure:2472: $? = 0
configure:2482: result: yes
configure:2509: gcc -c -g -O2  conftest.c >&5
conftest.c:2: parse error before "me"
configure:2512: $? = 1
configure: failed program was:
#ifndef __cplusplus
  choke me
#endif
configure:2624: checking dependency style of gcc
configure:2686: result: gcc3
configure:2743: checking for glib-config
configure:2761: found /usr/bin/glib-config
configure:2774: result: /usr/bin/glib-config
configure:2782: checking for GLIB - version >= 1.2.2
configure:2883: gcc -o conftest -g -O2 -I/usr/include/glib-1.2 -I/usr/lib/glib/include   conftest.c -L/usr/lib -lglib  >&5
configure:2886: $? = 0
configure:2888: ./conftest
configure:2891: $? = 0
configure:2908: result: yes
configure:3048: checking for gtk-config
configure:3066: found /usr/bin/gtk-config
configure:3079: result: /usr/bin/gtk-config
configure:3087: checking for GTK - version >= 1.2.2
configure:3190: gcc -o conftest -g -O2 -I/usr/include/glib-1.2 -I/usr/lib/glib/include -I/usr/include/gtk-1.2 -I/usr/include/glib-1.2 -I/usr/lib/glib/include -I/usr/X11R6/include   conftest.c -L/usr/lib -L/usr/X11R6/lib -lgtk -lgdk -rdynamic -lgmodule -lglib -ldl -lXi -lXext -lX11 -lm  -L/usr/lib -lglib >&5
configure:3193: $? = 0
configure:3195: ./conftest
configure:3198: $? = 0
configure:3215: result: yes
configure:3361: checking for gcc
configure:3387: result: gcc
configure:3631: checking for C compiler version
configure:3634: gcc --version </dev/null >&5
gcc (GCC) 3.2 20020903 (Red Hat Linux 8.0 3.2-7)
Copyright (C) 2002 Free Software Foundation, Inc.
This is free software; see the source for copying conditions.  There is NO
warranty; not even for MERCHANTABILITY or FITNESS FOR A PARTICULAR PURPOSE.

configure:3637: $? = 0
configure:3639: gcc -v </dev/null >&5
Reading specs from /usr/lib/gcc-lib/i386-redhat-linux/3.2/specs
Configured with: ../configure --prefix=/usr --mandir=/usr/share/man --infodir=/usr/share/info --enable-shared --enable-threads=posix --disable-checking --host=i386-redhat-linux --with-system-zlib --enable-__cxa_atexit
Thread model: posix
gcc version 3.2 20020903 (Red Hat Linux 8.0 3.2-7)
configure:3642: $? = 0
configure:3644: gcc -V </dev/null >&5
gcc: argument to `-V' is missing
configure:3647: $? = 1
configure:3650: checking whether we are using the GNU C compiler
configure:3698: result: yes
configure:3704: checking whether gcc accepts -g
configure:3747: result: yes
configure:3774: gcc -c -g -O2 -I/usr/include/glib-1.2 -I/usr/lib/glib/include -I/usr/include/gtk-1.2 -I/usr/include/glib-1.2 -I/usr/lib/glib/include -I/usr/X11R6/include  conftest.c >&5
conftest.c:2: parse error before "me"
configure:3777: $? = 1
configure: failed program was:
#ifndef __cplusplus
  choke me
#endif
configure:3889: checking dependency style of gcc
configure:3951: result: gcc3
configure:4008: checking for g++
configure:4024: found /usr/bin/g++
configure:4034: result: g++
configure:4050: checking for C++ compiler version
configure:4053: g++ --version </dev/null >&5
g++ (GCC) 3.2 20020903 (Red Hat Linux 8.0 3.2-7)
Copyright (C) 2002 Free Software Foundation, Inc.
This is free software; see the source for copying conditions.  There is NO
warranty; not even for MERCHANTABILITY or FITNESS FOR A PARTICULAR PURPOSE.

configure:4056: $? = 0
configure:4058: g++ -v </dev/null >&5
Reading specs from /usr/lib/gcc-lib/i386-redhat-linux/3.2/specs
Configured with: ../configure --prefix=/usr --mandir=/usr/share/man --infodir=/usr/share/info --enable-shared --enable-threads=posix --disable-checking --host=i386-redhat-linux --with-system-zlib --enable-__cxa_atexit
Thread model: posix
gcc version 3.2 20020903 (Red Hat Linux 8.0 3.2-7)
configure:4061: $? = 0
configure:4063: g++ -V </dev/null >&5
g++: argument to `-V' missing

configure:4066: $? = 1
configure:4069: checking whether we are using the GNU C++ compiler
configure:4096: g++ -c   conftest.cc >&5
configure:4099: $? = 0
configure:4102: test -s conftest.o
configure:4105: $? = 0
configure:4117: result: yes
configure:4123: checking whether g++ accepts -g
configure:4147: g++ -c -g  conftest.cc >&5
configure:4150: $? = 0
configure:4153: test -s conftest.o
configure:4156: $? = 0
configure:4166: result: yes
configure:4212: g++ -c -g -O2  conftest.cc >&5
configure:4215: $? = 0
configure:4218: test -s conftest.o
configure:4221: $? = 0
configure:4249: g++ -c -g -O2  conftest.cc >&5
configure: In function `int main()':
configure:4241: `exit' undeclared (first use this function)
configure:4241: (Each undeclared identifier is reported only once for each 
   function it appears in.)
configure:4252: $? = 1
configure: failed program was:
#line 4230 "configure"
#include "confdefs.h"

#ifdef F77_DUMMY_MAIN
#  ifdef __cplusplus
     extern "C"
#  endif
   int F77_DUMMY_MAIN() { return 1; }
#endif
int
main ()
{
exit (42);
  ;
  return 0;
}
configure:4212: g++ -c -g -O2  conftest.cc >&5
configure:4215: $? = 0
configure:4218: test -s conftest.o
configure:4221: $? = 0
configure:4249: g++ -c -g -O2  conftest.cc >&5
configure:4252: $? = 0
configure:4255: test -s conftest.o
configure:4258: $? = 0
configure:4282: checking dependency style of g++
configure:4344: result: gcc3
configure:4354: checking how to run the C++ preprocessor
configure:4376: g++ -E  conftest.cc
configure:4382: $? = 0
configure:4409: g++ -E  conftest.cc
configure:4405:28: ac_nonexistent.h: No such file or directory
configure:4415: $? = 1
configure: failed program was:
#line 4404 "configure"
#include "confdefs.h"
#include <ac_nonexistent.h>
configure:4452: result: g++ -E
configure:4467: g++ -E  conftest.cc
configure:4473: $? = 0
configure:4500: g++ -E  conftest.cc
configure:4496:28: ac_nonexistent.h: No such file or directory
configure:4506: $? = 1
configure: failed program was:
#line 4495 "configure"
#include "confdefs.h"
#include <ac_nonexistent.h>
configure:4563: checking for a BSD-compatible install
configure:4617: result: /usr/bin/install -c
configure:4700: checking build system type
configure:4718: result: i686-pc-linux-gnu
configure:4726: checking host system type
configure:4740: result: i686-pc-linux-gnu
configure:4770: checking for ld used by GCC
configure:4833: result: /usr/bin/ld
configure:4842: checking if the linker (/usr/bin/ld) is GNU ld
GNU ld version 2.13.90.0.2 20020802
configure:4854: result: yes
configure:4859: checking for /usr/bin/ld option to reload object files
configure:4866: result: -r
configure:4871: checking for BSD-compatible nm
configure:4907: result: /usr/bin/nm -B
configure:4910: checking whether ln -s works
configure:4914: result: yes
configure:4921: checking how to recognise dependant libraries
configure:5099: result: pass_all
configure:5111: checking command to parse /usr/bin/nm -B output
configure:5192: g++ -c -g -O2  conftest.cc >&5
configure:5195: $? = 0
configure:5199: /usr/bin/nm -B conftest.o \| sed -n -e 's/^.*[ 	]\([ABCDGISTW][ABCDGISTW]*\)[ 	][ 	]*\(\)\([_A-Za-z][_A-Za-z0-9]*\)$/\1 \2\3 \3/p' \> conftest.nm
configure:5202: $? = 0
configure:5254: g++ -o conftest -g -O2   conftest.cc conftstm.o >&5
configure:5257: $? = 0
configure:5301: result: ok
configure:5307: checking for ANSI C header files
configure:5321: g++ -E  conftest.cc
configure:5327: $? = 0
configure:5412: g++ -o conftest -g -O2   conftest.cc  -L/usr/lib -lglib -L/usr/lib -L/usr/X11R6/lib -lgtk -lgdk -rdynamic -lgmodule -lglib -ldl -lXi -lXext -lX11 -lm >&5
configure:5415: $? = 0
configure:5417: ./conftest
configure:5420: $? = 0
configure:5434: result: yes
configure:5458: checking for sys/types.h
configure:5471: g++ -c -g -O2  conftest.cc >&5
configure:5474: $? = 0
configure:5477: test -s conftest.o
configure:5480: $? = 0
configure:5490: result: yes
configure:5458: checking for sys/stat.h
configure:5471: g++ -c -g -O2  conftest.cc >&5
configure:5474: $? = 0
configure:5477: test -s conftest.o
configure:5480: $? = 0
configure:5490: result: yes
configure:5458: checking for stdlib.h
configure:5471: g++ -c -g -O2  conftest.cc >&5
configure:5474: $? = 0
configure:5477: test -s conftest.o
configure:5480: $? = 0
configure:5490: result: yes
configure:5458: checking for string.h
configure:5471: g++ -c -g -O2  conftest.cc >&5
configure:5474: $? = 0
configure:5477: test -s conftest.o
configure:5480: $? = 0
configure:5490: result: yes
configure:5458: checking for memory.h
configure:5471: g++ -c -g -O2  conftest.cc >&5
configure:5474: $? = 0
configure:5477: test -s conftest.o
configure:5480: $? = 0
configure:5490: result: yes
configure:5458: checking for strings.h
configure:5471: g++ -c -g -O2  conftest.cc >&5
configure:5474: $? = 0
configure:5477: test -s conftest.o
configure:5480: $? = 0
configure:5490: result: yes
configure:5458: checking for inttypes.h
configure:5471: g++ -c -g -O2  conftest.cc >&5
configure:5474: $? = 0
configure:5477: test -s conftest.o
configure:5480: $? = 0
configure:5490: result: yes
configure:5458: checking for stdint.h
configure:5471: g++ -c -g -O2  conftest.cc >&5
configure:5474: $? = 0
configure:5477: test -s conftest.o
configure:5480: $? = 0
configure:5490: result: yes
configure:5458: checking for unistd.h
configure:5471: g++ -c -g -O2  conftest.cc >&5
configure:5474: $? = 0
configure:5477: test -s conftest.o
configure:5480: $? = 0
configure:5490: result: yes
configure:5516: checking dlfcn.h usability
configure:5525: g++ -c -g -O2  conftest.cc >&5
configure:5528: $? = 0
configure:5531: test -s conftest.o
configure:5534: $? = 0
configure:5543: result: yes
configure:5547: checking dlfcn.h presence
configure:5554: g++ -E  conftest.cc
configure:5560: $? = 0
configure:5578: result: yes
configure:5596: checking for dlfcn.h
configure:5603: result: yes
configure:5800: checking for ranlib
configure:5816: found /usr/bin/ranlib
configure:5827: result: ranlib
configure:5880: checking for strip
configure:5896: found /usr/bin/strip
configure:5907: result: strip
configure:6118: checking for objdir
configure:6129: result: .libs
configure:6146: checking for gcc option to produce PIC
configure:6296: result: -fPIC
configure:6300: checking if gcc PIC flag -fPIC works
configure:6326: g++ -c -g -O2  conftest.cc >&5
configure:6329: $? = 0
configure:6332: test -s conftest.o
configure:6335: $? = 0
configure:6372: result: yes
configure:6388: checking if gcc static flag -static works
configure:6415: g++ -o conftest -g -O2   -static conftest.cc  -L/usr/lib -lglib -L/usr/lib -L/usr/X11R6/lib -lgtk -lgdk -rdynamic -lgmodule -lglib -ldl -lXi -lXext -lX11 -lm >&5
configure:6418: $? = 0
configure:6421: test -s conftest
configure:6424: $? = 0
configure:6439: result: yes
configure:6451: checking if gcc supports -c -o file.o
configure:6473: g++ -c -g -O2  conftest.cc >&5
Assembler messages:
FATAL: can't create conftest.o: Permission denied
configure:6495: result: no
configure:6570: checking if we can lock with hard links
configure:6578: result: yes
configure:6591: checking if gcc supports -fno-rtti -fno-exceptions
configure:6616: g++ -c -g -O2  conftest.cc >&5
configure:6619: $? = 0
configure:6622: test -s conftest.o
configure:6625: $? = 0
configure:6641: result: yes
configure:6652: checking whether the linker (/usr/bin/ld) supports shared libraries
configure:7332: result: yes
configure:7337: checking how to hardcode library paths into programs
configure:7361: result: immediate
configure:7366: checking whether stripping libraries is possible
configure:7371: result: yes
configure:7382: checking dynamic linker characteristics
configure:7775: result: GNU/Linux ld.so
configure:7780: checking if libtool supports shared libraries
configure:7782: result: yes
configure:7785: checking whether to build shared libraries
configure:7806: result: yes
configure:7809: checking whether to build static libraries
configure:7813: result: yes
configure:8475: checking whether -lc should be explicitly linked in
configure:8483: g++ -c -g -O2  conftest.cc >&5
configure:8486: $? = 0
configure:8500: gcc -shared conftest.o  -v -Wl,-soname -Wl,conftest -o conftest 2\>\&1 \| grep  -lc  \>/dev/null 2\>\&1
configure:8503: $? = 0
configure:8516: result: no
configure:9092: checking for wx-config
configure:9110: found /usr/local/bin/wx-config
configure:9122: result: /usr/local/bin/wx-config
configure:9156: checking wx/wx.h usability
configure:9165: g++ -c -g -O2  -I/usr/local/lib/wx/include/gtk-2.4 -DGTK_NO_CHECK_CASTS -D__WXGTK__ -D_FILE_OFFSET_BITS=64 -D_LARGE_FILES  -I/usr/include/gtk-1.2 -I/usr/include/glib-1.2 -I/usr/lib/glib/include -I/usr/X11R6/include conftest.cc >&5
configure:9168: $? = 0
configure:9171: test -s conftest.o
configure:9174: $? = 0
configure:9183: result: yes
configure:9187: checking wx/wx.h presence
configure:9194: g++ -E  -I/usr/local/lib/wx/include/gtk-2.4 -DGTK_NO_CHECK_CASTS -D__WXGTK__ -D_FILE_OFFSET_BITS=64 -D_LARGE_FILES  -I/usr/include/gtk-1.2 -I/usr/include/glib-1.2 -I/usr/lib/glib/include -I/usr/X11R6/include conftest.cc
configure:9200: $? = 0
configure:9218: result: yes
configure:9236: checking for wx/wx.h
configure:9243: result: yes
configure:9261: checking for main in -lwx_gtk-2.4
configure:9288: g++ -o conftest -g -O2  -I/usr/local/lib/wx/include/gtk-2.4 -DGTK_NO_CHECK_CASTS -D__WXGTK__ -D_FILE_OFFSET_BITS=64 -D_LARGE_FILES  -I/usr/include/gtk-1.2 -I/usr/include/glib-1.2 -I/usr/lib/glib/include -I/usr/X11R6/include  conftest.cc -lwx_gtk-2.4   -L/usr/lib -lglib -L/usr/lib -L/usr/X11R6/lib -lgtk -lgdk -rdynamic -lgmodule -lglib -ldl -lXi -lXext -lX11 -lm   >&5
configure:9291: $? = 0
configure:9294: test -s conftest
configure:9297: $? = 0
configure:9308: result: yes
configure:9450: creating ./config.status

## ---------------------- ##
## Running config.status. ##
## ---------------------- ##

This file was extended by config.status, which was
generated by GNU Autoconf 2.53.  Invocation command line was

  CONFIG_FILES    = 
  CONFIG_HEADERS  = 
  CONFIG_LINKS    = 
  CONFIG_COMMANDS = 
  $ ./config.status 

on tux.whoop-ass.ca

config.status:621: creating Makefile
config.status:621: creating src/Makefile
config.status:621: creating demo/Makefile
config.status:621: creating include/Makefile
config.status:746: executing depfiles commands

## ---------------- ##
## Cache variables. ##
## ---------------- ##

ac_cv_build=i686-pc-linux-gnu
ac_cv_build_alias=i686-pc-linux-gnu
ac_cv_c_compiler_gnu=yes
ac_cv_cxx_compiler_gnu=yes
ac_cv_env_CC_set=
ac_cv_env_CC_value=
ac_cv_env_CFLAGS_set=
ac_cv_env_CFLAGS_value=
ac_cv_env_CPPFLAGS_set=
ac_cv_env_CPPFLAGS_value=
ac_cv_env_CXXCPP_set=
ac_cv_env_CXXCPP_value=
ac_cv_env_CXXFLAGS_set=
ac_cv_env_CXXFLAGS_value=
ac_cv_env_CXX_set=
ac_cv_env_CXX_value=
ac_cv_env_LDFLAGS_set=
ac_cv_env_LDFLAGS_value=
ac_cv_env_build_alias_set=
ac_cv_env_build_alias_value=
ac_cv_env_host_alias_set=
ac_cv_env_host_alias_value=
ac_cv_env_target_alias_set=
ac_cv_env_target_alias_value=
ac_cv_exeext=
ac_cv_header_dlfcn_h=yes
ac_cv_header_inttypes_h=yes
ac_cv_header_memory_h=yes
ac_cv_header_stdc=yes
ac_cv_header_stdint_h=yes
ac_cv_header_stdlib_h=yes
ac_cv_header_string_h=yes
ac_cv_header_strings_h=yes
ac_cv_header_sys_stat_h=yes
ac_cv_header_sys_types_h=yes
ac_cv_header_unistd_h=yes
ac_cv_header_wx_wx_h=yes
ac_cv_host=i686-pc-linux-gnu
ac_cv_host_alias=i686-pc-linux-gnu
ac_cv_lib_wx_gtk_2_4_main=yes
ac_cv_objext=o
ac_cv_path_GLIB_CONFIG=/usr/bin/glib-config
ac_cv_path_GTK_CONFIG=/usr/bin/gtk-config
ac_cv_path_WX_CONFIG=/usr/local/bin/wx-config
ac_cv_path_install='/usr/bin/install -c'
ac_cv_prog_AWK=gawk
ac_cv_prog_CXXCPP='g++ -E'
ac_cv_prog_ac_ct_CC=gcc
ac_cv_prog_ac_ct_CXX=g++
ac_cv_prog_ac_ct_RANLIB=ranlib
ac_cv_prog_ac_ct_STRIP=strip
ac_cv_prog_cc_g=yes
ac_cv_prog_cxx_g=yes
ac_cv_prog_make_make_set=yes
am_cv_CC_dependencies_compiler_type=gcc3
am_cv_CXX_dependencies_compiler_type=gcc3
lt_cv_archive_cmds_need_lc=no
lt_cv_compiler_c_o=no
lt_cv_deplibs_check_method=pass_all
lt_cv_file_magic_cmd='$MAGIC_CMD'
lt_cv_file_magic_test_file='/lib/libc.so.6 /lib/libc-2.2.93.so'
lt_cv_global_symbol_to_c_name_address='sed -n -e '\''s/^: \([^ ]*\) $/  {\"\1\", (lt_ptr) 0},/p'\'' -e '\''s/^[BCDEGRST] \([^ ]*\) \([^ ]*\)$/  {"\2", (lt_ptr) \&\2},/p'\'''
lt_cv_global_symbol_to_cdecl='sed -n -e '\''s/^. .* \(.*\)$/extern char \1;/p'\'''
lt_cv_ld_reload_flag=-r
lt_cv_path_LD=/usr/bin/ld
lt_cv_path_NM='/usr/bin/nm -B'
lt_cv_prog_cc_can_build_shared=yes
lt_cv_prog_cc_no_builtin=
lt_cv_prog_cc_pic=' -fPIC'
lt_cv_prog_cc_pic_works=yes
lt_cv_prog_cc_shlib=
lt_cv_prog_cc_static=-static
lt_cv_prog_cc_static_works=yes
lt_cv_prog_cc_wl=-Wl,
lt_cv_prog_gnu_ld=yes
lt_cv_sys_global_symbol_pipe='sed -n -e '\''s/^.*[ 	]\([ABCDGISTW][ABCDGISTW]*\)[ 	][ 	]*\(\)\([_A-Za-z][_A-Za-z0-9]*\)$/\1 \2\3 \3/p'\'''
lt_cv_sys_path_separator=:

## ----------- ##
## confdefs.h. ##
## ----------- ##

#define PACKAGE_NAME ""
#define PACKAGE_TARNAME ""
#define PACKAGE_VERSION ""
#define PACKAGE_STRING ""
#define PACKAGE_BUGREPORT ""
#define PACKAGE "wxMozBrowser"
#define VERSION "0.2.0"
#define CONFIG_GTK_MAJOR 1
#define CONFIG_GTK_MINOR 2
#ifdef __cplusplus
#include <stdlib.h>
#endif
#define STDC_HEADERS 1
#define HAVE_SYS_TYPES_H 1
#define HAVE_SYS_STAT_H 1
#define HAVE_STDLIB_H 1
#define HAVE_STRING_H 1
#define HAVE_MEMORY_H 1
#define HAVE_STRINGS_H 1
#define HAVE_INTTYPES_H 1
#define HAVE_STDINT_H 1
#define HAVE_UNISTD_H 1
#define HAVE_DLFCN_H 1
#define HAVE_WX_WX_H 1
#define HAVE_LIBWX_GTK_2_4 1

configure: exit 0
